[debug] [2026-02-18T14:30:33.623Z] ----------------------------------------------------------------------
[debug] [2026-02-18T14:30:33.625Z] Command:       /usr/local/bin/node /Users/eduardo/Library/pnpm/global/5/node_modules/firebase-tools/lib/bin/firebase.js deploy
[debug] [2026-02-18T14:30:33.625Z] CLI Version:   13.25.0
[debug] [2026-02-18T14:30:33.625Z] Platform:      darwin
[debug] [2026-02-18T14:30:33.625Z] Node Version:  v22.17.0
[debug] [2026-02-18T14:30:33.625Z] Time:          Wed Feb 18 2026 15:30:33 GMT+0100 (Central European Standard Time)
[debug] [2026-02-18T14:30:33.625Z] ----------------------------------------------------------------------
[debug] 
[debug] [2026-02-18T14:30:33.656Z] > command requires scopes: ["email","openid","https://www.googleapis.com/auth/cloudplatformprojects.readonly","https://www.googleapis.com/auth/firebase","https://www.googleapis.com/auth/cloud-platform"]
[debug] [2026-02-18T14:30:33.657Z] > authorizing via signed-in user (eduardo_alvarez_nowak@outlook.com)
[debug] [2026-02-18T14:30:33.657Z] [iam] checking project lendo-aphrodite-chibi for permissions ["firebase.projects.get","firebasehosting.sites.update"]
[debug] [2026-02-18T14:30:33.657Z] Checked if tokens are valid: false, expires at: 1771417395303
[debug] [2026-02-18T14:30:33.657Z] Checked if tokens are valid: false, expires at: 1771417395303
[debug] [2026-02-18T14:30:33.657Z] > refreshing access token with scopes: []
[debug] [2026-02-18T14:30:33.658Z] >>> [apiv2][query] POST https://www.googleapis.com/oauth2/v3/token [none]
[debug] [2026-02-18T14:30:33.658Z] >>> [apiv2][body] POST https://www.googleapis.com/oauth2/v3/token [omitted]
[debug] [2026-02-18T14:30:33.929Z] <<< [apiv2][status] POST https://www.googleapis.com/oauth2/v3/token 200
[debug] [2026-02-18T14:30:33.929Z] <<< [apiv2][body] POST https://www.googleapis.com/oauth2/v3/token [omitted]
[debug] [2026-02-18T14:30:33.940Z] >>> [apiv2][query] POST https://cloudresourcemanager.googleapis.com/v1/projects/lendo-aphrodite-chibi:testIamPermissions [none]
[debug] [2026-02-18T14:30:33.940Z] >>> [apiv2][(partial)header] POST https://cloudresourcemanager.googleapis.com/v1/projects/lendo-aphrodite-chibi:testIamPermissions x-goog-quota-user=projects/lendo-aphrodite-chibi
[debug] [2026-02-18T14:30:33.940Z] >>> [apiv2][body] POST https://cloudresourcemanager.googleapis.com/v1/projects/lendo-aphrodite-chibi:testIamPermissions {"permissions":["firebase.projects.get","firebasehosting.sites.update"]}
